{"uuid":"9c98f7c6-33f2-4d21-876f-49eb1341ef55","historyId":"180a2f9732504ff7b71425ad35b76850","fullName":"com.automation.GETdemo.validateGetRequest1","labels":[{"name":"package","value":"com.automation.GETdemo"},{"name":"testClass","value":"com.automation.GETdemo"},{"name":"testMethod","value":"validateGetRequest1"},{"name":"parentSuite","value":"AutomationSuite"},{"name":"suite","value":"AutomationTests"},{"name":"subSuite","value":"com.automation.GETdemo"},{"name":"host","value":"LAPTOP-8A25TH8Q"},{"name":"thread","value":"11796@LAPTOP-8A25TH8Q.main(1)"},{"name":"framework","value":"testng"},{"name":"language","value":"java"}],"links":[],"name":"validateGetRequest1","status":"skipped","statusDetails":{"known":false,"muted":false,"flaky":false,"message":"device capacity value did not match expected [129 GB] but found [128 GB]","trace":"java.lang.AssertionError: device capacity value did not match expected [129 GB] but found [128 GB]\r\n\tat org.testng.Assert.fail(Assert.java:111)\r\n\tat org.testng.Assert.failNotEquals(Assert.java:1590)\r\n\tat org.testng.Assert.assertEqualsImpl(Assert.java:150)\r\n\tat org.testng.Assert.assertEquals(Assert.java:132)\r\n\tat org.testng.Assert.assertEquals(Assert.java:656)\r\n\tat com.automation.GETdemo.validateGetRequest1(GETdemo.java:58)\r\n\tat java.base/jdk.internal.reflect.NativeMethodAccessorImpl.invoke0(Native Method)\r\n\tat java.base/jdk.internal.reflect.NativeMethodAccessorImpl.invoke(NativeMethodAccessorImpl.java:62)\r\n\tat java.base/jdk.internal.reflect.DelegatingMethodAccessorImpl.invoke(DelegatingMethodAccessorImpl.java:43)\r\n\tat java.base/java.lang.reflect.Method.invoke(Method.java:566)\r\n\tat org.testng.internal.invokers.MethodInvocationHelper.invokeMethod(MethodInvocationHelper.java:141)\r\n\tat org.testng.internal.invokers.TestInvoker.invokeMethod(TestInvoker.java:687)\r\n\tat org.testng.internal.invokers.TestInvoker.retryFailed(TestInvoker.java:269)\r\n\tat org.testng.internal.invokers.MethodRunner.runInSequence(MethodRunner.java:76)\r\n\tat org.testng.internal.invokers.TestInvoker$MethodInvocationAgent.invoke(TestInvoker.java:995)\r\n\tat org.testng.internal.invokers.TestInvoker.invokeTestMethods(TestInvoker.java:203)\r\n\tat org.testng.internal.invokers.TestMethodWorker.invokeTestMethods(TestMethodWorker.java:154)\r\n\tat org.testng.internal.invokers.TestMethodWorker.run(TestMethodWorker.java:134)\r\n\tat java.base/java.util.ArrayList.forEach(ArrayList.java:1541)\r\n\tat org.testng.TestRunner.privateRun(TestRunner.java:741)\r\n\tat org.testng.TestRunner.run(TestRunner.java:616)\r\n\tat org.testng.SuiteRunner.runTest(SuiteRunner.java:421)\r\n\tat org.testng.SuiteRunner.runSequentially(SuiteRunner.java:413)\r\n\tat org.testng.SuiteRunner.privateRun(SuiteRunner.java:373)\r\n\tat org.testng.SuiteRunner.run(SuiteRunner.java:312)\r\n\tat org.testng.SuiteRunnerWorker.runSuite(SuiteRunnerWorker.java:52)\r\n\tat org.testng.SuiteRunnerWorker.run(SuiteRunnerWorker.java:95)\r\n\tat org.testng.TestNG.runSuitesSequentially(TestNG.java:1274)\r\n\tat org.testng.TestNG.runSuitesLocally(TestNG.java:1208)\r\n\tat org.testng.TestNG.runSuites(TestNG.java:1112)\r\n\tat org.testng.TestNG.run(TestNG.java:1079)\r\n\tat com.intellij.rt.testng.IDEARemoteTestNG.run(IDEARemoteTestNG.java:65)\r\n\tat com.intellij.rt.testng.RemoteTestNGStarter.main(RemoteTestNGStarter.java:105)\r\n"},"stage":"finished","steps":[{"name":"Validate Google Pixel Capacity","status":"failed","statusDetails":{"known":false,"muted":false,"flaky":false,"message":"device capacity value did not match expected [129 GB] but found [128 GB]","trace":"java.lang.AssertionError: device capacity value did not match expected [129 GB] but found [128 GB]\r\n\tat org.testng.Assert.fail(Assert.java:111)\r\n\tat org.testng.Assert.failNotEquals(Assert.java:1590)\r\n\tat org.testng.Assert.assertEqualsImpl(Assert.java:150)\r\n\tat org.testng.Assert.assertEquals(Assert.java:132)\r\n\tat org.testng.Assert.assertEquals(Assert.java:656)\r\n\tat com.automation.GETdemo.validateGetRequest1(GETdemo.java:58)\r\n\tat java.base/jdk.internal.reflect.NativeMethodAccessorImpl.invoke0(Native Method)\r\n\tat java.base/jdk.internal.reflect.NativeMethodAccessorImpl.invoke(NativeMethodAccessorImpl.java:62)\r\n\tat java.base/jdk.internal.reflect.DelegatingMethodAccessorImpl.invoke(DelegatingMethodAccessorImpl.java:43)\r\n\tat java.base/java.lang.reflect.Method.invoke(Method.java:566)\r\n\tat org.testng.internal.invokers.MethodInvocationHelper.invokeMethod(MethodInvocationHelper.java:141)\r\n\tat org.testng.internal.invokers.TestInvoker.invokeMethod(TestInvoker.java:687)\r\n\tat org.testng.internal.invokers.TestInvoker.retryFailed(TestInvoker.java:269)\r\n\tat org.testng.internal.invokers.MethodRunner.runInSequence(MethodRunner.java:76)\r\n\tat org.testng.internal.invokers.TestInvoker$MethodInvocationAgent.invoke(TestInvoker.java:995)\r\n\tat org.testng.internal.invokers.TestInvoker.invokeTestMethods(TestInvoker.java:203)\r\n\tat org.testng.internal.invokers.TestMethodWorker.invokeTestMethods(TestMethodWorker.java:154)\r\n\tat org.testng.internal.invokers.TestMethodWorker.run(TestMethodWorker.java:134)\r\n\tat java.base/java.util.ArrayList.forEach(ArrayList.java:1541)\r\n\tat org.testng.TestRunner.privateRun(TestRunner.java:741)\r\n\tat org.testng.TestRunner.run(TestRunner.java:616)\r\n\tat org.testng.SuiteRunner.runTest(SuiteRunner.java:421)\r\n\tat org.testng.SuiteRunner.runSequentially(SuiteRunner.java:413)\r\n\tat org.testng.SuiteRunner.privateRun(SuiteRunner.java:373)\r\n\tat org.testng.SuiteRunner.run(SuiteRunner.java:312)\r\n\tat org.testng.SuiteRunnerWorker.runSuite(SuiteRunnerWorker.java:52)\r\n\tat org.testng.SuiteRunnerWorker.run(SuiteRunnerWorker.java:95)\r\n\tat org.testng.TestNG.runSuitesSequentially(TestNG.java:1274)\r\n\tat org.testng.TestNG.runSuitesLocally(TestNG.java:1208)\r\n\tat org.testng.TestNG.runSuites(TestNG.java:1112)\r\n\tat org.testng.TestNG.run(TestNG.java:1079)\r\n\tat com.intellij.rt.testng.IDEARemoteTestNG.run(IDEARemoteTestNG.java:65)\r\n\tat com.intellij.rt.testng.RemoteTestNGStarter.main(RemoteTestNGStarter.java:105)\r\n"},"stage":"finished","steps":[{"name":"Running current test.","status":"passed","stage":"finished","steps":[],"attachments":[],"parameters":[],"start":1750070899097,"stop":1750070899097},{"name":"captured response:\n{}[\n    {\n        \"id\": \"1\",\n        \"name\": \"Google Pixel 6 Pro\",\n        \"data\": {\n            \"color\": \"Cloudy White\",\n            \"capacity\": \"128 GB\"\n        }\n    },\n    {\n        \"id\": \"2\",\n        \"name\": \"Apple iPhone 12 Mini, 256GB, Blue\",\n        \"data\": null\n    },\n    {\n        \"id\": \"3\",\n        \"name\": \"Apple iPhone 12 Pro Max\",\n        \"data\": {\n            \"color\": \"Cloudy White\",\n            \"capacity GB\": 512\n        }\n    },\n    {\n        \"id\": \"4\",\n        \"name\": \"Apple iPhone 11, 64GB\",\n        \"data\": {\n            \"price\": 389.99,\n            \"color\": \"Purple\"\n        }\n    },\n    {\n        \"id\": \"5\",\n        \"name\": \"Samsung Galaxy Z Fold2\",\n        \"data\": {\n            \"price\": 689.99,\n            \"color\": \"Brown\"\n        }\n    },\n    {\n        \"id\": \"6\",\n        \"name\": \"Apple AirPods\",\n        \"data\": {\n            \"generation\": \"3rd\",\n            \"price\": 120\n        }\n    },\n    {\n        \"id\": \"7\",\n        \"name\": \"Apple MacBook Pro 16\",\n        \"data\": {\n            \"year\": 2019,\n            \"price\": 1849.99,\n            \"CPU model\": \"Intel Core i9\",\n            \"Hard disk size\": \"1 TB\"\n        }\n    },\n    {\n        \"id\": \"8\",\n        \"name\": \"Apple Watch Series 8\",\n        \"data\": {\n            \"Strap Colour\": \"Elderberry\",\n            \"Case Size\": \"41mm\"\n        }\n    },\n    {\n        \"id\": \"9\",\n        \"name\": \"Beats Studio3 Wireless\",\n        \"data\": {\n            \"Color\": \"Red\",\n            \"Description\": \"High-performance wireless noise cancelling headphones\"\n        }\n    },\n    {\n        \"id\": \"10\",\n        \"name\": \"Apple iPad Mini 5th Gen\",\n        \"data\": {\n            \"Capacity\": \"64 GB\",\n            \"Screen size\": 7.9\n        }\n    },\n    {\n        \"id\": \"11\",\n        \"name\": \"Apple iPad Mini 5th Gen\",\n        \"data\": {\n            \"Capacity\": \"254 GB\",\n            \"Screen size\": 7.9\n        }\n    },\n    {\n        \"id\": \"12\",\n        \"name\": \"Apple iPad Air\",\n        \"data\": {\n            \"Generation\": \"4th\",\n            \"Price\": \"419.99\",\n            \"Capacity\": \"64 GB\"\n        }\n    },\n    {\n        \"id\": \"13\",\n        \"name\": \"Apple iPad Air\",\n        \"data\": {\n            \"Generation\": \"4th\",\n            \"Price\": \"519.99\",\n            \"Capacity\": \"256 GB\"\n        }\n    }\n]","status":"passed","stage":"finished","steps":[],"attachments":[],"parameters":[],"start":1750070900101,"stop":1750070900101}],"attachments":[{"name":"Request","source":"9cfe9a15-bed7-4850-b2db-d6c589d1c0c5-attachment.html","type":"text/html"},{"name":"HTTP/1.1 200 OK","source":"f606e875-080b-4497-acb2-75301bd28e44-attachment.html","type":"text/html"}],"parameters":[],"start":1750070899097,"stop":1750070900109},{"name":"Retrying to run again......","status":"passed","stage":"finished","steps":[],"attachments":[],"parameters":[],"start":1750070900109,"stop":1750070900109},{"name":"Test Skipped: validateGetRequest1","status":"passed","stage":"finished","steps":[],"attachments":[],"parameters":[],"start":1750070900109,"stop":1750070900109}],"attachments":[],"parameters":[],"start":1750070899097,"stop":1750070900109}